2023-05-04 00:00:03,344 DEBUG org.springframework.core.log.LogFormatUtils [http-nio-8085-exec-6] DELETE "/api/students/0", parameters={}
2023-05-04 00:00:03,346 DEBUG org.springframework.web.servlet.handler.AbstractHandlerMapping [http-nio-8085-exec-6] Mapped to com.tnsoft.controllers.StudentController#delete(Long)
2023-05-04 00:00:03,346 DEBUG com.tnsoft.controllers.StudentController [http-nio-8085-exec-6] Start deleting student entity ==> Controller lvl the given id is [0]
2023-05-04 00:00:03,346 DEBUG com.tnsoft.services.StudentServiceImp [http-nio-8085-exec-6] Start deleting student entity ==> Service lvl
2023-05-04 00:00:03,346 DEBUG com.tnsoft.services.StudentServiceImp [http-nio-8085-exec-6] The student id given is is ==>[0]
2023-05-04 00:00:03,348 DEBUG org.springframework.web.servlet.FrameworkServlet [http-nio-8085-exec-6] Failed to complete request: org.springframework.dao.InvalidDataAccessApiUsageException: Provided id of the wrong type for class com.tnsoft.entities.StudentEntity. Expected: class com.tnsoft.entities.StudentId, got class java.lang.Long; nested exception is java.lang.IllegalArgumentException: Provided id of the wrong type for class com.tnsoft.entities.StudentEntity. Expected: class com.tnsoft.entities.StudentId, got class java.lang.Long
2023-05-04 00:00:03,349 ERROR org.apache.juli.logging.DirectJDKLog [http-nio-8085-exec-6] Servlet.service() for servlet [dispatcherServlet] in context with path [/api] threw exception [Request processing failed; nested exception is org.springframework.dao.InvalidDataAccessApiUsageException: Provided id of the wrong type for class com.tnsoft.entities.StudentEntity. Expected: class com.tnsoft.entities.StudentId, got class java.lang.Long; nested exception is java.lang.IllegalArgumentException: Provided id of the wrong type for class com.tnsoft.entities.StudentEntity. Expected: class com.tnsoft.entities.StudentId, got class java.lang.Long] with root cause
org.hibernate.TypeMismatchException: Provided id of the wrong type for class com.tnsoft.entities.StudentEntity. Expected: class com.tnsoft.entities.StudentId, got class java.lang.Long
	at org.hibernate.event.internal.DefaultLoadEventListener.checkIdClass(DefaultLoadEventListener.java:155)
	at org.hibernate.event.internal.DefaultLoadEventListener.onLoad(DefaultLoadEventListener.java:71)
	at org.hibernate.event.service.internal.EventListenerGroupImpl.fireEventOnEachListener(EventListenerGroupImpl.java:110)
	at org.hibernate.internal.SessionImpl.fireLoadNoChecks(SessionImpl.java:1186)
	at org.hibernate.internal.SessionImpl.fireLoad(SessionImpl.java:1175)
	at org.hibernate.internal.SessionImpl.access$2100(SessionImpl.java:193)
	at org.hibernate.internal.SessionImpl$IdentifierLoadAccessImpl.doLoad(SessionImpl.java:2786)
	at org.hibernate.internal.SessionImpl$IdentifierLoadAccessImpl.lambda$load$1(SessionImpl.java:2767)
	at org.hibernate.internal.SessionImpl$IdentifierLoadAccessImpl.perform(SessionImpl.java:2723)
	at org.hibernate.internal.SessionImpl$IdentifierLoadAccessImpl.load(SessionImpl.java:2767)
	at org.hibernate.internal.SessionImpl.find(SessionImpl.java:3322)
	at org.hibernate.internal.SessionImpl.find(SessionImpl.java:3289)
	at java.base/jdk.internal.reflect.NativeMethodAccessorImpl.invoke0(Native Method)
	at java.base/jdk.internal.reflect.NativeMethodAccessorImpl.invoke(NativeMethodAccessorImpl.java:77)
	at java.base/jdk.internal.reflect.DelegatingMethodAccessorImpl.invoke(DelegatingMethodAccessorImpl.java:43)
	at java.base/java.lang.reflect.Method.invoke(Method.java:568)
	at org.springframework.orm.jpa.ExtendedEntityManagerCreator$ExtendedEntityManagerInvocationHandler.invoke(ExtendedEntityManagerCreator.java:362)
	at jdk.proxy2/jdk.proxy2.$Proxy87.find(Unknown Source)
	at java.base/jdk.internal.reflect.NativeMethodAccessorImpl.invoke0(Native Method)
	at java.base/jdk.internal.reflect.NativeMethodAccessorImpl.invoke(NativeMethodAccessorImpl.java:77)
	at java.base/jdk.internal.reflect.DelegatingMethodAccessorImpl.invoke(DelegatingMethodAccessorImpl.java:43)
	at java.base/java.lang.reflect.Method.invoke(Method.java:568)
	at org.springframework.orm.jpa.SharedEntityManagerCreator$SharedEntityManagerInvocationHandler.invoke(SharedEntityManagerCreator.java:311)
	at jdk.proxy2/jdk.proxy2.$Proxy87.find(Unknown Source)
	at org.springframework.data.jpa.repository.support.SimpleJpaRepository.findById(SimpleJpaRepository.java:310)
	at org.springframework.data.jpa.repository.support.SimpleJpaRepository.deleteById(SimpleJpaRepository.java:165)
	at java.base/jdk.internal.reflect.NativeMethodAccessorImpl.invoke0(Native Method)
	at java.base/jdk.internal.reflect.NativeMethodAccessorImpl.invoke(NativeMethodAccessorImpl.java:77)
	at java.base/jdk.internal.reflect.DelegatingMethodAccessorImpl.invoke(DelegatingMethodAccessorImpl.java:43)
	at java.base/java.lang.reflect.Method.invoke(Method.java:568)
	at org.springframework.data.repository.core.support.RepositoryMethodInvoker$RepositoryFragmentMethodInvoker.lambda$new$0(RepositoryMethodInvoker.java:289)
	at org.springframework.data.repository.core.support.RepositoryMethodInvoker.doInvoke(RepositoryMethodInvoker.java:137)
	at org.springframework.data.repository.core.support.RepositoryMethodInvoker.invoke(RepositoryMethodInvoker.java:121)
	at org.springframework.data.repository.core.support.RepositoryComposition$RepositoryFragments.invoke(RepositoryComposition.java:529)
	at org.springframework.data.repository.core.support.RepositoryComposition.invoke(RepositoryComposition.java:285)
	at org.springframework.data.repository.core.support.RepositoryFactorySupport$ImplementationMethodExecutionInterceptor.invoke(RepositoryFactorySupport.java:599)
	at org.springframework.aop.framework.ReflectiveMethodInvocation.proceed(ReflectiveMethodInvocation.java:186)
	at org.springframework.data.repository.core.support.QueryExecutorMethodInterceptor.doInvoke(QueryExecutorMethodInterceptor.java:163)
	at org.springframework.data.repository.core.support.QueryExecutorMethodInterceptor.invoke(QueryExecutorMethodInterceptor.java:138)
	at org.springframework.aop.framework.ReflectiveMethodInvocation.proceed(ReflectiveMethodInvocation.java:186)
	at org.springframework.data.projection.DefaultMethodInvokingMethodInterceptor.invoke(DefaultMethodInvokingMethodInterceptor.java:80)
	at org.springframework.aop.framework.ReflectiveMethodInvocation.proceed(ReflectiveMethodInvocation.java:186)
	at org.springframework.transaction.interceptor.TransactionInterceptor$1.proceedWithInvocation(TransactionInterceptor.java:123)
	at org.springframework.transaction.interceptor.TransactionAspectSupport.invokeWithinTransaction(TransactionAspectSupport.java:388)
	at org.springframework.transaction.interceptor.TransactionInterceptor.invoke(TransactionInterceptor.java:119)
	at org.springframework.aop.framework.ReflectiveMethodInvocation.proceed(ReflectiveMethodInvocation.java:186)
	at org.springframework.dao.support.PersistenceExceptionTranslationInterceptor.invoke(PersistenceExceptionTranslationInterceptor.java:137)
	at org.springframework.aop.framework.ReflectiveMethodInvocation.proceed(ReflectiveMethodInvocation.java:186)
	at org.springframework.data.jpa.repository.support.CrudMethodMetadataPostProcessor$CrudMethodMetadataPopulatingMethodInterceptor.invoke(CrudMethodMetadataPostProcessor.java:174)
	at org.springframework.aop.framework.ReflectiveMethodInvocation.proceed(ReflectiveMethodInvocation.java:186)
	at org.springframework.aop.interceptor.ExposeInvocationInterceptor.invoke(ExposeInvocationInterceptor.java:97)
	at org.springframework.aop.framework.ReflectiveMethodInvocation.proceed(ReflectiveMethodInvocation.java:186)
	at org.springframework.aop.framework.JdkDynamicAopProxy.invoke(JdkDynamicAopProxy.java:215)
	at jdk.proxy2/jdk.proxy2.$Proxy90.deleteById(Unknown Source)
	at com.tnsoft.services.StudentServiceImp.delete(StudentServiceImp.java:43)
	at com.tnsoft.controllers.StudentController.delete(StudentController.java:35)
	at java.base/jdk.internal.reflect.NativeMethodAccessorImpl.invoke0(Native Method)
	at java.base/jdk.internal.reflect.NativeMethodAccessorImpl.invoke(NativeMethodAccessorImpl.java:77)
	at java.base/jdk.internal.reflect.DelegatingMethodAccessorImpl.invoke(DelegatingMethodAccessorImpl.java:43)
	at java.base/java.lang.reflect.Method.invoke(Method.java:568)
	at org.springframework.web.method.support.InvocableHandlerMethod.doInvoke(InvocableHandlerMethod.java:197)
	at org.springframework.web.method.support.InvocableHandlerMethod.invokeForRequest(InvocableHandlerMethod.java:141)
	at org.springframework.web.servlet.mvc.method.annotation.ServletInvocableHandlerMethod.invokeAndHandle(ServletInvocableHandlerMethod.java:106)
	at org.springframework.web.servlet.mvc.method.annotation.RequestMappingHandlerAdapter.invokeHandlerMethod(RequestMappingHandlerAdapter.java:894)
	at org.springframework.web.servlet.mvc.method.annotation.RequestMappingHandlerAdapter.handleInternal(RequestMappingHandlerAdapter.java:808)
	at org.springframework.web.servlet.mvc.method.AbstractHandlerMethodAdapter.handle(AbstractHandlerMethodAdapter.java:87)
	at org.springframework.web.servlet.DispatcherServlet.doDispatch(DispatcherServlet.java:1063)
	at org.springframework.web.servlet.DispatcherServlet.doService(DispatcherServlet.java:963)
	at org.springframework.web.servlet.FrameworkServlet.processRequest(FrameworkServlet.java:1006)
	at org.springframework.web.servlet.FrameworkServlet.doDelete(FrameworkServlet.java:931)
	at javax.servlet.http.HttpServlet.service(HttpServlet.java:658)
	at org.springframework.web.servlet.FrameworkServlet.service(FrameworkServlet.java:883)
	at javax.servlet.http.HttpServlet.service(HttpServlet.java:733)
	at org.apache.catalina.core.ApplicationFilterChain.internalDoFilter(ApplicationFilterChain.java:227)
	at org.apache.catalina.core.ApplicationFilterChain.doFilter(ApplicationFilterChain.java:162)
	at org.apache.tomcat.websocket.server.WsFilter.doFilter(WsFilter.java:53)
	at org.apache.catalina.core.ApplicationFilterChain.internalDoFilter(ApplicationFilterChain.java:189)
	at org.apache.catalina.core.ApplicationFilterChain.doFilter(ApplicationFilterChain.java:162)
	at org.springframework.web.filter.RequestContextFilter.doFilterInternal(RequestContextFilter.java:100)
	at org.springframework.web.filter.OncePerRequestFilter.doFilter(OncePerRequestFilter.java:119)
	at org.apache.catalina.core.ApplicationFilterChain.internalDoFilter(ApplicationFilterChain.java:189)
	at org.apache.catalina.core.ApplicationFilterChain.doFilter(ApplicationFilterChain.java:162)
	at org.springframework.web.filter.FormContentFilter.doFilterInternal(FormContentFilter.java:93)
	at org.springframework.web.filter.OncePerRequestFilter.doFilter(OncePerRequestFilter.java:119)
	at org.apache.catalina.core.ApplicationFilterChain.internalDoFilter(ApplicationFilterChain.java:189)
	at org.apache.catalina.core.ApplicationFilterChain.doFilter(ApplicationFilterChain.java:162)
	at org.springframework.web.filter.CharacterEncodingFilter.doFilterInternal(CharacterEncodingFilter.java:201)
	at org.springframework.web.filter.OncePerRequestFilter.doFilter(OncePerRequestFilter.java:119)
	at org.apache.catalina.core.ApplicationFilterChain.internalDoFilter(ApplicationFilterChain.java:189)
	at org.apache.catalina.core.ApplicationFilterChain.doFilter(ApplicationFilterChain.java:162)
	at org.apache.catalina.core.StandardWrapperValve.invoke(StandardWrapperValve.java:202)
	at org.apache.catalina.core.StandardContextValve.invoke(StandardContextValve.java:97)
	at org.apache.catalina.authenticator.AuthenticatorBase.invoke(AuthenticatorBase.java:542)
	at org.apache.catalina.core.StandardHostValve.invoke(StandardHostValve.java:143)
	at org.apache.catalina.valves.ErrorReportValve.invoke(ErrorReportValve.java:92)
	at org.apache.catalina.core.StandardEngineValve.invoke(StandardEngineValve.java:78)
	at org.apache.catalina.connector.CoyoteAdapter.service(CoyoteAdapter.java:357)
	at org.apache.coyote.http11.Http11Processor.service(Http11Processor.java:374)
	at org.apache.coyote.AbstractProcessorLight.process(AbstractProcessorLight.java:65)
	at org.apache.coyote.AbstractProtocol$ConnectionHandler.process(AbstractProtocol.java:893)
	at org.apache.tomcat.util.net.NioEndpoint$SocketProcessor.doRun(NioEndpoint.java:1707)
	at org.apache.tomcat.util.net.SocketProcessorBase.run(SocketProcessorBase.java:49)
	at java.base/java.util.concurrent.ThreadPoolExecutor.runWorker(ThreadPoolExecutor.java:1136)
	at java.base/java.util.concurrent.ThreadPoolExecutor$Worker.run(ThreadPoolExecutor.java:635)
	at org.apache.tomcat.util.threads.TaskThread$WrappingRunnable.run(TaskThread.java:61)
	at java.base/java.lang.Thread.run(Thread.java:833)
2023-05-04 00:00:03,349 DEBUG org.springframework.core.log.LogFormatUtils [http-nio-8085-exec-6] "ERROR" dispatch for DELETE "/api/error", parameters={}
2023-05-04 00:00:03,349 DEBUG org.springframework.web.servlet.handler.AbstractHandlerMapping [http-nio-8085-exec-6] Mapped to org.springframework.boot.autoconfigure.web.servlet.error.BasicErrorController#error(HttpServletRequest)
2023-05-04 00:00:03,350 DEBUG org.springframework.web.servlet.mvc.method.annotation.AbstractMessageConverterMethodProcessor [http-nio-8085-exec-6] Using 'application/json', given [*/*] and supported [application/json, application/*+json, application/json, application/*+json]
2023-05-04 00:00:03,350 DEBUG org.springframework.core.log.LogFormatUtils [http-nio-8085-exec-6] Writing [{timestamp=Thu May 04 00:00:03 WEST 2023, status=500, error=Internal Server Error, path=/api/student (truncated)...]
2023-05-04 00:00:03,351 DEBUG org.springframework.web.servlet.FrameworkServlet [http-nio-8085-exec-6] Exiting from "ERROR" dispatch, status 500
2023-05-04 00:00:33,664 DEBUG org.springframework.core.log.LogFormatUtils [http-nio-8085-exec-8] GET "/api/swagger-ui/", parameters={}
2023-05-04 00:00:33,665 DEBUG org.springframework.web.servlet.handler.AbstractHandlerMapping [http-nio-8085-exec-8] Mapped to ParameterizableViewController [view="forward:/swagger-ui/index.html"]
2023-05-04 00:00:33,666 DEBUG org.springframework.web.servlet.view.ContentNegotiatingViewResolver [http-nio-8085-exec-8] Selected 'text/html' given [text/html, application/xhtml+xml, image/avif, image/webp, image/apng, application/xml;q=0.9, application/signed-exchange;v=b3;q=0.7, */*;q=0.8]
2023-05-04 00:00:33,666 DEBUG org.springframework.web.servlet.view.AbstractView [http-nio-8085-exec-8] View name 'forward:', model {}
2023-05-04 00:00:33,666 DEBUG org.springframework.web.servlet.view.InternalResourceView [http-nio-8085-exec-8] Forwarding to [/swagger-ui/index.html]
2023-05-04 00:00:33,666 DEBUG org.springframework.core.log.LogFormatUtils [http-nio-8085-exec-8] "FORWARD" dispatch for GET "/api/swagger-ui/index.html", parameters={}
2023-05-04 00:00:33,667 DEBUG org.springframework.web.servlet.handler.AbstractHandlerMapping [http-nio-8085-exec-8] Mapped to ResourceHttpRequestHandler [Classpath [META-INF/resources/webjars/springfox-swagger-ui/]]
2023-05-04 00:00:33,668 DEBUG org.springframework.web.servlet.FrameworkServlet [http-nio-8085-exec-8] Exiting from "FORWARD" dispatch, status 304
2023-05-04 00:00:33,668 DEBUG org.springframework.web.servlet.FrameworkServlet [http-nio-8085-exec-8] Completed 304 NOT_MODIFIED
2023-05-04 00:00:33,998 DEBUG org.springframework.core.log.LogFormatUtils [http-nio-8085-exec-7] GET "/api/swagger-resources/configuration/ui", parameters={}
2023-05-04 00:00:33,998 DEBUG org.springframework.core.log.LogFormatUtils [http-nio-8085-exec-5] GET "/api/swagger-ui/favicon-32x32.png?v=3.0.0", parameters={masked}
2023-05-04 00:00:33,999 DEBUG org.springframework.web.servlet.handler.AbstractHandlerMapping [http-nio-8085-exec-7] Mapped to springfox.documentation.swagger.web.ApiResourceController#uiConfiguration()
2023-05-04 00:00:33,999 DEBUG org.springframework.web.servlet.handler.AbstractHandlerMapping [http-nio-8085-exec-5] Mapped to ResourceHttpRequestHandler [Classpath [META-INF/resources/webjars/springfox-swagger-ui/]]
2023-05-04 00:00:33,999 DEBUG org.springframework.web.servlet.mvc.method.annotation.AbstractMessageConverterMethodProcessor [http-nio-8085-exec-7] Using 'application/json', given [application/json] and supported [application/json]
2023-05-04 00:00:34,000 DEBUG org.springframework.core.log.LogFormatUtils [http-nio-8085-exec-7] Writing [springfox.documentation.swagger.web.UiConfiguration@47d0f23a]
2023-05-04 00:00:34,001 DEBUG org.springframework.web.servlet.FrameworkServlet [http-nio-8085-exec-7] Completed 200 OK
2023-05-04 00:00:34,002 DEBUG org.springframework.web.servlet.FrameworkServlet [http-nio-8085-exec-5] Completed 200 OK
2023-05-04 00:00:34,008 DEBUG org.springframework.core.log.LogFormatUtils [http-nio-8085-exec-9] GET "/api/swagger-resources/configuration/security", parameters={}
2023-05-04 00:00:34,008 DEBUG org.springframework.web.servlet.handler.AbstractHandlerMapping [http-nio-8085-exec-9] Mapped to springfox.documentation.swagger.web.ApiResourceController#securityConfiguration()
2023-05-04 00:00:34,009 DEBUG org.springframework.web.servlet.mvc.method.annotation.AbstractMessageConverterMethodProcessor [http-nio-8085-exec-9] Using 'application/json', given [application/json] and supported [application/json]
2023-05-04 00:00:34,009 DEBUG org.springframework.core.log.LogFormatUtils [http-nio-8085-exec-9] Writing [springfox.documentation.swagger.web.SecurityConfiguration@9c0744c]
2023-05-04 00:00:34,010 DEBUG org.springframework.web.servlet.FrameworkServlet [http-nio-8085-exec-9] Completed 200 OK
2023-05-04 00:00:34,014 DEBUG org.springframework.core.log.LogFormatUtils [http-nio-8085-exec-10] GET "/api/swagger-resources", parameters={}
2023-05-04 00:00:34,014 DEBUG org.springframework.web.servlet.handler.AbstractHandlerMapping [http-nio-8085-exec-10] Mapped to springfox.documentation.swagger.web.ApiResourceController#swaggerResources()
2023-05-04 00:00:34,014 DEBUG org.springframework.web.servlet.mvc.method.annotation.AbstractMessageConverterMethodProcessor [http-nio-8085-exec-10] Using 'application/json', given [application/json] and supported [application/json]
2023-05-04 00:00:34,014 DEBUG org.springframework.core.log.LogFormatUtils [http-nio-8085-exec-10] Writing [[springfox.documentation.swagger.web.SwaggerResource@6783b025]]
2023-05-04 00:00:34,016 DEBUG org.springframework.web.servlet.FrameworkServlet [http-nio-8085-exec-10] Completed 200 OK
2023-05-04 00:00:34,036 DEBUG org.springframework.core.log.LogFormatUtils [http-nio-8085-exec-1] GET "/api/v2/api-docs", parameters={}
2023-05-04 00:00:34,037 DEBUG org.springframework.web.servlet.handler.AbstractHandlerMapping [http-nio-8085-exec-1] Mapped to springfox.documentation.swagger2.web.Swagger2ControllerWebMvc#getDocumentation(String, HttpServletRequest)
2023-05-04 00:00:34,042 DEBUG org.springframework.web.servlet.mvc.method.annotation.AbstractMessageConverterMethodProcessor [http-nio-8085-exec-1] Using 'application/json', given [application/json, */*] and supported [application/json, application/hal+json]
2023-05-04 00:00:34,043 DEBUG org.springframework.core.log.LogFormatUtils [http-nio-8085-exec-1] Writing [springfox.documentation.spring.web.json.Json@40c3de33]
2023-05-04 00:00:34,044 DEBUG org.springframework.web.servlet.FrameworkServlet [http-nio-8085-exec-1] Completed 200 OK
2023-05-04 00:00:49,989 DEBUG org.springframework.core.log.LogFormatUtils [http-nio-8085-exec-3] DELETE "/api/students/-0", parameters={}
2023-05-04 00:00:49,989 DEBUG org.springframework.web.servlet.handler.AbstractHandlerMapping [http-nio-8085-exec-3] Mapped to com.tnsoft.controllers.StudentController#delete(Long)
2023-05-04 00:00:49,990 DEBUG com.tnsoft.controllers.StudentController [http-nio-8085-exec-3] Start deleting student entity ==> Controller lvl the given id is [0]
2023-05-04 00:00:49,990 DEBUG com.tnsoft.services.StudentServiceImp [http-nio-8085-exec-3] Start deleting student entity ==> Service lvl
2023-05-04 00:00:49,990 DEBUG com.tnsoft.services.StudentServiceImp [http-nio-8085-exec-3] The student id given is is ==>[0]
2023-05-04 00:00:49,992 DEBUG org.springframework.web.servlet.FrameworkServlet [http-nio-8085-exec-3] Failed to complete request: org.springframework.dao.InvalidDataAccessApiUsageException: Provided id of the wrong type for class com.tnsoft.entities.StudentEntity. Expected: class com.tnsoft.entities.StudentId, got class java.lang.Long; nested exception is java.lang.IllegalArgumentException: Provided id of the wrong type for class com.tnsoft.entities.StudentEntity. Expected: class com.tnsoft.entities.StudentId, got class java.lang.Long
2023-05-04 00:00:49,992 ERROR org.apache.juli.logging.DirectJDKLog [http-nio-8085-exec-3] Servlet.service() for servlet [dispatcherServlet] in context with path [/api] threw exception [Request processing failed; nested exception is org.springframework.dao.InvalidDataAccessApiUsageException: Provided id of the wrong type for class com.tnsoft.entities.StudentEntity. Expected: class com.tnsoft.entities.StudentId, got class java.lang.Long; nested exception is java.lang.IllegalArgumentException: Provided id of the wrong type for class com.tnsoft.entities.StudentEntity. Expected: class com.tnsoft.entities.StudentId, got class java.lang.Long] with root cause
org.hibernate.TypeMismatchException: Provided id of the wrong type for class com.tnsoft.entities.StudentEntity. Expected: class com.tnsoft.entities.StudentId, got class java.lang.Long
	at org.hibernate.event.internal.DefaultLoadEventListener.checkIdClass(DefaultLoadEventListener.java:155)
	at org.hibernate.event.internal.DefaultLoadEventListener.onLoad(DefaultLoadEventListener.java:71)
	at org.hibernate.event.service.internal.EventListenerGroupImpl.fireEventOnEachListener(EventListenerGroupImpl.java:110)
	at org.hibernate.internal.SessionImpl.fireLoadNoChecks(SessionImpl.java:1186)
	at org.hibernate.internal.SessionImpl.fireLoad(SessionImpl.java:1175)
	at org.hibernate.internal.SessionImpl.access$2100(SessionImpl.java:193)
	at org.hibernate.internal.SessionImpl$IdentifierLoadAccessImpl.doLoad(SessionImpl.java:2786)
	at org.hibernate.internal.SessionImpl$IdentifierLoadAccessImpl.lambda$load$1(SessionImpl.java:2767)
	at org.hibernate.internal.SessionImpl$IdentifierLoadAccessImpl.perform(SessionImpl.java:2723)
	at org.hibernate.internal.SessionImpl$IdentifierLoadAccessImpl.load(SessionImpl.java:2767)
	at org.hibernate.internal.SessionImpl.find(SessionImpl.java:3322)
	at org.hibernate.internal.SessionImpl.find(SessionImpl.java:3289)
	at java.base/jdk.internal.reflect.NativeMethodAccessorImpl.invoke0(Native Method)
	at java.base/jdk.internal.reflect.NativeMethodAccessorImpl.invoke(NativeMethodAccessorImpl.java:77)
	at java.base/jdk.internal.reflect.DelegatingMethodAccessorImpl.invoke(DelegatingMethodAccessorImpl.java:43)
	at java.base/java.lang.reflect.Method.invoke(Method.java:568)
	at org.springframework.orm.jpa.ExtendedEntityManagerCreator$ExtendedEntityManagerInvocationHandler.invoke(ExtendedEntityManagerCreator.java:362)
	at jdk.proxy2/jdk.proxy2.$Proxy87.find(Unknown Source)
	at java.base/jdk.internal.reflect.NativeMethodAccessorImpl.invoke0(Native Method)
	at java.base/jdk.internal.reflect.NativeMethodAccessorImpl.invoke(NativeMethodAccessorImpl.java:77)
	at java.base/jdk.internal.reflect.DelegatingMethodAccessorImpl.invoke(DelegatingMethodAccessorImpl.java:43)
	at java.base/java.lang.reflect.Method.invoke(Method.java:568)
	at org.springframework.orm.jpa.SharedEntityManagerCreator$SharedEntityManagerInvocationHandler.invoke(SharedEntityManagerCreator.java:311)
	at jdk.proxy2/jdk.proxy2.$Proxy87.find(Unknown Source)
	at org.springframework.data.jpa.repository.support.SimpleJpaRepository.findById(SimpleJpaRepository.java:310)
	at org.springframework.data.jpa.repository.support.SimpleJpaRepository.deleteById(SimpleJpaRepository.java:165)
	at java.base/jdk.internal.reflect.NativeMethodAccessorImpl.invoke0(Native Method)
	at java.base/jdk.internal.reflect.NativeMethodAccessorImpl.invoke(NativeMethodAccessorImpl.java:77)
	at java.base/jdk.internal.reflect.DelegatingMethodAccessorImpl.invoke(DelegatingMethodAccessorImpl.java:43)
	at java.base/java.lang.reflect.Method.invoke(Method.java:568)
	at org.springframework.data.repository.core.support.RepositoryMethodInvoker$RepositoryFragmentMethodInvoker.lambda$new$0(RepositoryMethodInvoker.java:289)
	at org.springframework.data.repository.core.support.RepositoryMethodInvoker.doInvoke(RepositoryMethodInvoker.java:137)
	at org.springframework.data.repository.core.support.RepositoryMethodInvoker.invoke(RepositoryMethodInvoker.java:121)
	at org.springframework.data.repository.core.support.RepositoryComposition$RepositoryFragments.invoke(RepositoryComposition.java:529)
	at org.springframework.data.repository.core.support.RepositoryComposition.invoke(RepositoryComposition.java:285)
	at org.springframework.data.repository.core.support.RepositoryFactorySupport$ImplementationMethodExecutionInterceptor.invoke(RepositoryFactorySupport.java:599)
	at org.springframework.aop.framework.ReflectiveMethodInvocation.proceed(ReflectiveMethodInvocation.java:186)
	at org.springframework.data.repository.core.support.QueryExecutorMethodInterceptor.doInvoke(QueryExecutorMethodInterceptor.java:163)
	at org.springframework.data.repository.core.support.QueryExecutorMethodInterceptor.invoke(QueryExecutorMethodInterceptor.java:138)
	at org.springframework.aop.framework.ReflectiveMethodInvocation.proceed(ReflectiveMethodInvocation.java:186)
	at org.springframework.data.projection.DefaultMethodInvokingMethodInterceptor.invoke(DefaultMethodInvokingMethodInterceptor.java:80)
	at org.springframework.aop.framework.ReflectiveMethodInvocation.proceed(ReflectiveMethodInvocation.java:186)
	at org.springframework.transaction.interceptor.TransactionInterceptor$1.proceedWithInvocation(TransactionInterceptor.java:123)
	at org.springframework.transaction.interceptor.TransactionAspectSupport.invokeWithinTransaction(TransactionAspectSupport.java:388)
	at org.springframework.transaction.interceptor.TransactionInterceptor.invoke(TransactionInterceptor.java:119)
	at org.springframework.aop.framework.ReflectiveMethodInvocation.proceed(ReflectiveMethodInvocation.java:186)
	at org.springframework.dao.support.PersistenceExceptionTranslationInterceptor.invoke(PersistenceExceptionTranslationInterceptor.java:137)
	at org.springframework.aop.framework.ReflectiveMethodInvocation.proceed(ReflectiveMethodInvocation.java:186)
	at org.springframework.data.jpa.repository.support.CrudMethodMetadataPostProcessor$CrudMethodMetadataPopulatingMethodInterceptor.invoke(CrudMethodMetadataPostProcessor.java:174)
	at org.springframework.aop.framework.ReflectiveMethodInvocation.proceed(ReflectiveMethodInvocation.java:186)
	at org.springframework.aop.interceptor.ExposeInvocationInterceptor.invoke(ExposeInvocationInterceptor.java:97)
	at org.springframework.aop.framework.ReflectiveMethodInvocation.proceed(ReflectiveMethodInvocation.java:186)
	at org.springframework.aop.framework.JdkDynamicAopProxy.invoke(JdkDynamicAopProxy.java:215)
	at jdk.proxy2/jdk.proxy2.$Proxy90.deleteById(Unknown Source)
	at com.tnsoft.services.StudentServiceImp.delete(StudentServiceImp.java:43)
	at com.tnsoft.controllers.StudentController.delete(StudentController.java:35)
	at java.base/jdk.internal.reflect.NativeMethodAccessorImpl.invoke0(Native Method)
	at java.base/jdk.internal.reflect.NativeMethodAccessorImpl.invoke(NativeMethodAccessorImpl.java:77)
	at java.base/jdk.internal.reflect.DelegatingMethodAccessorImpl.invoke(DelegatingMethodAccessorImpl.java:43)
	at java.base/java.lang.reflect.Method.invoke(Method.java:568)
	at org.springframework.web.method.support.InvocableHandlerMethod.doInvoke(InvocableHandlerMethod.java:197)
	at org.springframework.web.method.support.InvocableHandlerMethod.invokeForRequest(InvocableHandlerMethod.java:141)
	at org.springframework.web.servlet.mvc.method.annotation.ServletInvocableHandlerMethod.invokeAndHandle(ServletInvocableHandlerMethod.java:106)
	at org.springframework.web.servlet.mvc.method.annotation.RequestMappingHandlerAdapter.invokeHandlerMethod(RequestMappingHandlerAdapter.java:894)
	at org.springframework.web.servlet.mvc.method.annotation.RequestMappingHandlerAdapter.handleInternal(RequestMappingHandlerAdapter.java:808)
	at org.springframework.web.servlet.mvc.method.AbstractHandlerMethodAdapter.handle(AbstractHandlerMethodAdapter.java:87)
	at org.springframework.web.servlet.DispatcherServlet.doDispatch(DispatcherServlet.java:1063)
	at org.springframework.web.servlet.DispatcherServlet.doService(DispatcherServlet.java:963)
	at org.springframework.web.servlet.FrameworkServlet.processRequest(FrameworkServlet.java:1006)
	at org.springframework.web.servlet.FrameworkServlet.doDelete(FrameworkServlet.java:931)
	at javax.servlet.http.HttpServlet.service(HttpServlet.java:658)
	at org.springframework.web.servlet.FrameworkServlet.service(FrameworkServlet.java:883)
	at javax.servlet.http.HttpServlet.service(HttpServlet.java:733)
	at org.apache.catalina.core.ApplicationFilterChain.internalDoFilter(ApplicationFilterChain.java:227)
	at org.apache.catalina.core.ApplicationFilterChain.doFilter(ApplicationFilterChain.java:162)
	at org.apache.tomcat.websocket.server.WsFilter.doFilter(WsFilter.java:53)
	at org.apache.catalina.core.ApplicationFilterChain.internalDoFilter(ApplicationFilterChain.java:189)
	at org.apache.catalina.core.ApplicationFilterChain.doFilter(ApplicationFilterChain.java:162)
	at org.springframework.web.filter.RequestContextFilter.doFilterInternal(RequestContextFilter.java:100)
	at org.springframework.web.filter.OncePerRequestFilter.doFilter(OncePerRequestFilter.java:119)
	at org.apache.catalina.core.ApplicationFilterChain.internalDoFilter(ApplicationFilterChain.java:189)
	at org.apache.catalina.core.ApplicationFilterChain.doFilter(ApplicationFilterChain.java:162)
	at org.springframework.web.filter.FormContentFilter.doFilterInternal(FormContentFilter.java:93)
	at org.springframework.web.filter.OncePerRequestFilter.doFilter(OncePerRequestFilter.java:119)
	at org.apache.catalina.core.ApplicationFilterChain.internalDoFilter(ApplicationFilterChain.java:189)
	at org.apache.catalina.core.ApplicationFilterChain.doFilter(ApplicationFilterChain.java:162)
	at org.springframework.web.filter.CharacterEncodingFilter.doFilterInternal(CharacterEncodingFilter.java:201)
	at org.springframework.web.filter.OncePerRequestFilter.doFilter(OncePerRequestFilter.java:119)
	at org.apache.catalina.core.ApplicationFilterChain.internalDoFilter(ApplicationFilterChain.java:189)
	at org.apache.catalina.core.ApplicationFilterChain.doFilter(ApplicationFilterChain.java:162)
	at org.apache.catalina.core.StandardWrapperValve.invoke(StandardWrapperValve.java:202)
	at org.apache.catalina.core.StandardContextValve.invoke(StandardContextValve.java:97)
	at org.apache.catalina.authenticator.AuthenticatorBase.invoke(AuthenticatorBase.java:542)
	at org.apache.catalina.core.StandardHostValve.invoke(StandardHostValve.java:143)
	at org.apache.catalina.valves.ErrorReportValve.invoke(ErrorReportValve.java:92)
	at org.apache.catalina.core.StandardEngineValve.invoke(StandardEngineValve.java:78)
	at org.apache.catalina.connector.CoyoteAdapter.service(CoyoteAdapter.java:357)
	at org.apache.coyote.http11.Http11Processor.service(Http11Processor.java:374)
	at org.apache.coyote.AbstractProcessorLight.process(AbstractProcessorLight.java:65)
	at org.apache.coyote.AbstractProtocol$ConnectionHandler.process(AbstractProtocol.java:893)
	at org.apache.tomcat.util.net.NioEndpoint$SocketProcessor.doRun(NioEndpoint.java:1707)
	at org.apache.tomcat.util.net.SocketProcessorBase.run(SocketProcessorBase.java:49)
	at java.base/java.util.concurrent.ThreadPoolExecutor.runWorker(ThreadPoolExecutor.java:1136)
	at java.base/java.util.concurrent.ThreadPoolExecutor$Worker.run(ThreadPoolExecutor.java:635)
	at org.apache.tomcat.util.threads.TaskThread$WrappingRunnable.run(TaskThread.java:61)
	at java.base/java.lang.Thread.run(Thread.java:833)
2023-05-04 00:00:49,993 DEBUG org.springframework.core.log.LogFormatUtils [http-nio-8085-exec-3] "ERROR" dispatch for DELETE "/api/error", parameters={}
2023-05-04 00:00:49,993 DEBUG org.springframework.web.servlet.handler.AbstractHandlerMapping [http-nio-8085-exec-3] Mapped to org.springframework.boot.autoconfigure.web.servlet.error.BasicErrorController#error(HttpServletRequest)
2023-05-04 00:00:49,994 DEBUG org.springframework.web.servlet.mvc.method.annotation.AbstractMessageConverterMethodProcessor [http-nio-8085-exec-3] Using 'application/json', given [*/*] and supported [application/json, application/*+json, application/json, application/*+json]
2023-05-04 00:00:49,994 DEBUG org.springframework.core.log.LogFormatUtils [http-nio-8085-exec-3] Writing [{timestamp=Thu May 04 00:00:49 WEST 2023, status=500, error=Internal Server Error, path=/api/student (truncated)...]
2023-05-04 00:00:49,994 DEBUG org.springframework.web.servlet.FrameworkServlet [http-nio-8085-exec-3] Exiting from "ERROR" dispatch, status 500
2023-05-04 00:05:55,924 INFO org.springframework.orm.jpa.AbstractEntityManagerFactoryBean [SpringApplicationShutdownHook] Closing JPA EntityManagerFactory for persistence unit 'default'
2023-05-04 00:05:55,925 INFO com.zaxxer.hikari.HikariDataSource [SpringApplicationShutdownHook] HikariPool-1 - Shutdown initiated...
2023-05-04 00:05:55,930 INFO com.zaxxer.hikari.HikariDataSource [SpringApplicationShutdownHook] HikariPool-1 - Shutdown completed.
2023-05-04 14:50:11,924 INFO org.springframework.boot.StartupInfoLogger [main] Starting RunApplication using Java 17.0.5 on TheMachine with PID 22652 (D:\Projects\Studies\TP\JAVA\TP_JAVA\PFE 2.0\target\classes started by Gabri in D:\Projects\Studies\TP\JAVA\TP_JAVA\PFE 2.0)
2023-05-04 14:50:11,926 DEBUG org.springframework.boot.StartupInfoLogger [main] Running with Spring Boot v2.5.1, Spring v5.3.8
2023-05-04 14:50:11,926 INFO org.springframework.boot.SpringApplication [main] The following profiles are active: local
2023-05-04 14:50:12,633 INFO org.springframework.data.repository.config.RepositoryConfigurationDelegate [main] Bootstrapping Spring Data JPA repositories in DEFAULT mode.
2023-05-04 14:50:12,680 INFO org.springframework.data.repository.config.RepositoryConfigurationDelegate [main] Finished Spring Data repository scanning in 40 ms. Found 1 JPA repository interfaces.
2023-05-04 14:50:13,111 INFO org.springframework.boot.web.embedded.tomcat.TomcatWebServer [main] Tomcat initialized with port(s): 8085 (http)
2023-05-04 14:50:13,120 INFO org.apache.juli.logging.DirectJDKLog [main] Initializing ProtocolHandler ["http-nio-8085"]
2023-05-04 14:50:13,121 INFO org.apache.juli.logging.DirectJDKLog [main] Starting service [Tomcat]
2023-05-04 14:50:13,121 INFO org.apache.juli.logging.DirectJDKLog [main] Starting Servlet engine: [Apache Tomcat/9.0.46]
2023-05-04 14:50:13,197 INFO org.apache.juli.logging.DirectJDKLog [main] Initializing Spring embedded WebApplicationContext
2023-05-04 14:50:13,197 INFO org.springframework.boot.web.servlet.context.ServletWebServerApplicationContext [main] Root WebApplicationContext: initialization completed in 1232 ms
2023-05-04 14:50:13,269 INFO com.zaxxer.hikari.HikariDataSource [main] HikariPool-1 - Starting...
2023-05-04 14:50:13,665 INFO com.zaxxer.hikari.HikariDataSource [main] HikariPool-1 - Start completed.
2023-05-04 14:50:14,592 INFO org.springframework.orm.jpa.AbstractEntityManagerFactoryBean [main] Initialized JPA EntityManagerFactory for persistence unit 'default'
2023-05-04 14:50:14,896 WARN org.springframework.boot.autoconfigure.orm.jpa.JpaBaseConfiguration$JpaWebConfiguration [main] spring.jpa.open-in-view is enabled by default. Therefore, database queries may be performed during view rendering. Explicitly configure spring.jpa.open-in-view to disable this warning
2023-05-04 14:50:14,962 DEBUG org.springframework.web.servlet.handler.AbstractHandlerMethodMapping [main] 11 mappings in 'requestMappingHandlerMapping'
2023-05-04 14:50:15,087 DEBUG org.springframework.web.servlet.mvc.method.annotation.RequestMappingHandlerAdapter [main] ControllerAdvice beans: 0 @ModelAttribute, 0 @InitBinder, 1 RequestBodyAdvice, 1 ResponseBodyAdvice
2023-05-04 14:50:15,119 DEBUG org.springframework.web.servlet.handler.SimpleUrlHandlerMapping [main] Patterns [/swagger-ui/] in 'viewControllerHandlerMapping'
2023-05-04 14:50:15,135 DEBUG org.springframework.web.servlet.handler.SimpleUrlHandlerMapping [main] Patterns [/webjars/**, /**, /swagger-ui/**] in 'resourceHandlerMapping'
2023-05-04 14:50:15,140 DEBUG org.springframework.web.servlet.mvc.method.annotation.ExceptionHandlerExceptionResolver [main] ControllerAdvice beans: 0 @ExceptionHandler, 1 ResponseBodyAdvice
2023-05-04 14:50:15,204 INFO org.apache.juli.logging.DirectJDKLog [main] Starting ProtocolHandler ["http-nio-8085"]
2023-05-04 14:50:15,219 INFO org.springframework.boot.web.embedded.tomcat.TomcatWebServer [main] Tomcat started on port(s): 8085 (http) with context path '/api'
2023-05-04 14:50:15,342 INFO org.springframework.boot.StartupInfoLogger [main] Started RunApplication in 3.744 seconds (JVM running for 4.446)
2023-05-04 14:50:15,345 INFO com.tnsoft.RunApplication [main] Access URLs:
----------------------------------------------------------
	Local: 		http://localhost:8085/api/swagger-ui/#/
	External: 	http://192.168.11.100:8085/api/swagger-ui/#/
----------------------------------------------------------
2023-05-04 14:50:17,474 INFO org.apache.juli.logging.DirectJDKLog [http-nio-8085-exec-1] Initializing Spring DispatcherServlet 'dispatcherServlet'
2023-05-04 14:50:17,475 INFO org.springframework.web.servlet.FrameworkServlet [http-nio-8085-exec-1] Initializing Servlet 'dispatcherServlet'
2023-05-04 14:50:17,475 DEBUG org.springframework.web.servlet.DispatcherServlet [http-nio-8085-exec-1] Detected StandardServletMultipartResolver
2023-05-04 14:50:17,475 DEBUG org.springframework.web.servlet.DispatcherServlet [http-nio-8085-exec-1] Detected AcceptHeaderLocaleResolver
2023-05-04 14:50:17,475 DEBUG org.springframework.web.servlet.DispatcherServlet [http-nio-8085-exec-1] Detected FixedThemeResolver
2023-05-04 14:50:17,478 DEBUG org.springframework.web.servlet.DispatcherServlet [http-nio-8085-exec-1] Detected org.springframework.web.servlet.view.DefaultRequestToViewNameTranslator@6939f18a
2023-05-04 14:50:17,478 DEBUG org.springframework.web.servlet.DispatcherServlet [http-nio-8085-exec-1] Detected org.springframework.web.servlet.support.SessionFlashMapManager@4d204b30
2023-05-04 14:50:17,478 DEBUG org.springframework.web.servlet.FrameworkServlet [http-nio-8085-exec-1] enableLoggingRequestDetails='false': request parameters and headers will be masked to prevent unsafe logging of potentially sensitive data
2023-05-04 14:50:17,478 INFO org.springframework.web.servlet.FrameworkServlet [http-nio-8085-exec-1] Completed initialization in 3 ms
2023-05-04 14:50:17,488 DEBUG org.springframework.core.log.LogFormatUtils [http-nio-8085-exec-1] GET "/api/swagger-ui/", parameters={}
2023-05-04 14:50:17,492 DEBUG org.springframework.web.servlet.handler.AbstractHandlerMapping [http-nio-8085-exec-1] Mapped to ParameterizableViewController [view="forward:/swagger-ui/index.html"]
2023-05-04 14:50:17,502 DEBUG org.springframework.web.servlet.view.ContentNegotiatingViewResolver [http-nio-8085-exec-1] Selected 'text/html' given [text/html, application/xhtml+xml, image/avif, image/webp, image/apng, application/xml;q=0.9, application/signed-exchange;v=b3;q=0.7, */*;q=0.8]
2023-05-04 14:50:17,503 DEBUG org.springframework.web.servlet.view.AbstractView [http-nio-8085-exec-1] View name 'forward:', model {}
2023-05-04 14:50:17,504 DEBUG org.springframework.web.servlet.view.InternalResourceView [http-nio-8085-exec-1] Forwarding to [/swagger-ui/index.html]
2023-05-04 14:50:17,508 DEBUG org.springframework.core.log.LogFormatUtils [http-nio-8085-exec-1] "FORWARD" dispatch for GET "/api/swagger-ui/index.html", parameters={}
2023-05-04 14:50:17,509 DEBUG org.springframework.web.servlet.handler.AbstractHandlerMapping [http-nio-8085-exec-1] Mapped to ResourceHttpRequestHandler [Classpath [META-INF/resources/webjars/springfox-swagger-ui/]]
2023-05-04 14:50:17,512 DEBUG org.springframework.web.servlet.FrameworkServlet [http-nio-8085-exec-1] Exiting from "FORWARD" dispatch, status 304
2023-05-04 14:50:17,513 DEBUG org.springframework.web.servlet.FrameworkServlet [http-nio-8085-exec-1] Completed 304 NOT_MODIFIED
2023-05-04 14:50:17,532 DEBUG org.springframework.core.log.LogFormatUtils [http-nio-8085-exec-2] GET "/api/swagger-ui/springfox.css?v=3.0.0", parameters={masked}
2023-05-04 14:50:17,532 DEBUG org.springframework.core.log.LogFormatUtils [http-nio-8085-exec-4] GET "/api/swagger-ui/swagger-ui.css?v=3.0.0", parameters={masked}
2023-05-04 14:50:17,534 DEBUG org.springframework.web.servlet.handler.AbstractHandlerMapping [http-nio-8085-exec-2] Mapped to ResourceHttpRequestHandler [Classpath [META-INF/resources/webjars/springfox-swagger-ui/]]
2023-05-04 14:50:17,534 DEBUG org.springframework.web.servlet.handler.AbstractHandlerMapping [http-nio-8085-exec-4] Mapped to ResourceHttpRequestHandler [Classpath [META-INF/resources/webjars/springfox-swagger-ui/]]
2023-05-04 14:50:17,535 DEBUG org.springframework.core.log.LogFormatUtils [http-nio-8085-exec-6] GET "/api/swagger-ui/swagger-ui-bundle.js?v=3.0.0", parameters={masked}
2023-05-04 14:50:17,535 DEBUG org.springframework.core.log.LogFormatUtils [http-nio-8085-exec-3] GET "/api/swagger-ui/swagger-ui-standalone-preset.js?v=3.0.0", parameters={masked}
2023-05-04 14:50:17,535 DEBUG org.springframework.core.log.LogFormatUtils [http-nio-8085-exec-8] GET "/api/swagger-ui/springfox.js?v=3.0.0", parameters={masked}
2023-05-04 14:50:17,535 DEBUG org.springframework.web.servlet.handler.AbstractHandlerMapping [http-nio-8085-exec-6] Mapped to ResourceHttpRequestHandler [Classpath [META-INF/resources/webjars/springfox-swagger-ui/]]
2023-05-04 14:50:17,536 DEBUG org.springframework.web.servlet.handler.AbstractHandlerMapping [http-nio-8085-exec-8] Mapped to ResourceHttpRequestHandler [Classpath [META-INF/resources/webjars/springfox-swagger-ui/]]
2023-05-04 14:50:17,536 DEBUG org.springframework.web.servlet.handler.AbstractHandlerMapping [http-nio-8085-exec-3] Mapped to ResourceHttpRequestHandler [Classpath [META-INF/resources/webjars/springfox-swagger-ui/]]
2023-05-04 14:50:17,536 DEBUG org.springframework.web.servlet.FrameworkServlet [http-nio-8085-exec-2] Completed 304 NOT_MODIFIED
2023-05-04 14:50:17,536 DEBUG org.springframework.web.servlet.FrameworkServlet [http-nio-8085-exec-4] Completed 304 NOT_MODIFIED
2023-05-04 14:50:17,536 DEBUG org.springframework.web.servlet.FrameworkServlet [http-nio-8085-exec-6] Completed 304 NOT_MODIFIED
2023-05-04 14:50:17,537 DEBUG org.springframework.web.servlet.FrameworkServlet [http-nio-8085-exec-3] Completed 304 NOT_MODIFIED
2023-05-04 14:50:17,537 DEBUG org.springframework.web.servlet.FrameworkServlet [http-nio-8085-exec-8] Completed 304 NOT_MODIFIED
2023-05-04 14:50:17,795 DEBUG org.springframework.core.log.LogFormatUtils [http-nio-8085-exec-7] GET "/api/swagger-resources/configuration/ui", parameters={}
2023-05-04 14:50:17,796 DEBUG org.springframework.web.servlet.handler.AbstractHandlerMapping [http-nio-8085-exec-7] Mapped to springfox.documentation.swagger.web.ApiResourceController#uiConfiguration()
2023-05-04 14:50:17,807 DEBUG org.springframework.web.servlet.mvc.method.annotation.AbstractMessageConverterMethodProcessor [http-nio-8085-exec-7] Using 'application/json', given [application/json] and supported [application/json]
2023-05-04 14:50:17,835 DEBUG org.springframework.core.log.LogFormatUtils [http-nio-8085-exec-7] Writing [springfox.documentation.swagger.web.UiConfiguration@110e8dcd]
2023-05-04 14:50:17,845 DEBUG org.springframework.web.servlet.FrameworkServlet [http-nio-8085-exec-7] Completed 200 OK
2023-05-04 14:50:17,849 DEBUG org.springframework.core.log.LogFormatUtils [http-nio-8085-exec-5] GET "/api/swagger-resources/configuration/security", parameters={}
2023-05-04 14:50:17,850 DEBUG org.springframework.web.servlet.handler.AbstractHandlerMapping [http-nio-8085-exec-5] Mapped to springfox.documentation.swagger.web.ApiResourceController#securityConfiguration()
2023-05-04 14:50:17,850 DEBUG org.springframework.web.servlet.mvc.method.annotation.AbstractMessageConverterMethodProcessor [http-nio-8085-exec-5] Using 'application/json', given [application/json] and supported [application/json]
2023-05-04 14:50:17,853 DEBUG org.springframework.core.log.LogFormatUtils [http-nio-8085-exec-5] Writing [springfox.documentation.swagger.web.SecurityConfiguration@5c50f597]
2023-05-04 14:50:17,854 DEBUG org.springframework.web.servlet.FrameworkServlet [http-nio-8085-exec-5] Completed 200 OK
2023-05-04 14:50:17,858 DEBUG org.springframework.core.log.LogFormatUtils [http-nio-8085-exec-9] GET "/api/swagger-resources", parameters={}
2023-05-04 14:50:17,858 DEBUG org.springframework.web.servlet.handler.AbstractHandlerMapping [http-nio-8085-exec-9] Mapped to springfox.documentation.swagger.web.ApiResourceController#swaggerResources()
2023-05-04 14:50:17,859 DEBUG org.springframework.web.servlet.mvc.method.annotation.AbstractMessageConverterMethodProcessor [http-nio-8085-exec-9] Using 'application/json', given [application/json] and supported [application/json]
2023-05-04 14:50:17,860 DEBUG org.springframework.core.log.LogFormatUtils [http-nio-8085-exec-9] Writing [[springfox.documentation.swagger.web.SwaggerResource@6c57b552]]
2023-05-04 14:50:17,862 DEBUG org.springframework.web.servlet.FrameworkServlet [http-nio-8085-exec-9] Completed 200 OK
2023-05-04 14:50:17,885 DEBUG org.springframework.core.log.LogFormatUtils [http-nio-8085-exec-10] GET "/api/v2/api-docs", parameters={}
2023-05-04 14:50:17,886 DEBUG org.springframework.web.servlet.handler.AbstractHandlerMapping [http-nio-8085-exec-10] Mapped to springfox.documentation.swagger2.web.Swagger2ControllerWebMvc#getDocumentation(String, HttpServletRequest)
2023-05-04 14:50:17,952 DEBUG org.springframework.web.servlet.mvc.method.annotation.AbstractMessageConverterMethodProcessor [http-nio-8085-exec-10] Using 'application/json', given [application/json, */*] and supported [application/json, application/hal+json]
2023-05-04 14:50:17,954 DEBUG org.springframework.core.log.LogFormatUtils [http-nio-8085-exec-10] Writing [springfox.documentation.spring.web.json.Json@1b23ed98]
2023-05-04 14:50:17,955 DEBUG org.springframework.web.servlet.FrameworkServlet [http-nio-8085-exec-10] Completed 200 OK
2023-05-04 14:51:59,978 INFO org.springframework.orm.jpa.AbstractEntityManagerFactoryBean [SpringApplicationShutdownHook] Closing JPA EntityManagerFactory for persistence unit 'default'
2023-05-04 14:51:59,980 INFO com.zaxxer.hikari.HikariDataSource [SpringApplicationShutdownHook] HikariPool-1 - Shutdown initiated...
2023-05-04 14:51:59,985 INFO com.zaxxer.hikari.HikariDataSource [SpringApplicationShutdownHook] HikariPool-1 - Shutdown completed.
2023-05-04 15:06:35,435 INFO org.springframework.boot.StartupInfoLogger [main] Starting RunApplication using Java 17.0.5 on TheMachine with PID 18660 (D:\Projects\Studies\TP\JAVA\TP_JAVA\PFE 2.0\target\classes started by Gabri in D:\Projects\Studies\TP\JAVA\TP_JAVA\PFE 2.0)
2023-05-04 15:06:35,437 DEBUG org.springframework.boot.StartupInfoLogger [main] Running with Spring Boot v2.5.1, Spring v5.3.8
2023-05-04 15:06:35,437 INFO org.springframework.boot.SpringApplication [main] The following profiles are active: local
2023-05-04 15:06:35,995 INFO org.springframework.data.repository.config.RepositoryConfigurationDelegate [main] Bootstrapping Spring Data JPA repositories in DEFAULT mode.
2023-05-04 15:06:36,027 INFO org.springframework.data.repository.config.RepositoryConfigurationDelegate [main] Finished Spring Data repository scanning in 27 ms. Found 1 JPA repository interfaces.
2023-05-04 15:06:36,377 INFO org.springframework.boot.web.embedded.tomcat.TomcatWebServer [main] Tomcat initialized with port(s): 8085 (http)
2023-05-04 15:06:36,383 INFO org.apache.juli.logging.DirectJDKLog [main] Initializing ProtocolHandler ["http-nio-8085"]
2023-05-04 15:06:36,384 INFO org.apache.juli.logging.DirectJDKLog [main] Starting service [Tomcat]
2023-05-04 15:06:36,384 INFO org.apache.juli.logging.DirectJDKLog [main] Starting Servlet engine: [Apache Tomcat/9.0.46]
2023-05-04 15:06:36,448 INFO org.apache.juli.logging.DirectJDKLog [main] Initializing Spring embedded WebApplicationContext
2023-05-04 15:06:36,449 INFO org.springframework.boot.web.servlet.context.ServletWebServerApplicationContext [main] Root WebApplicationContext: initialization completed in 980 ms
2023-05-04 15:06:36,506 INFO com.zaxxer.hikari.HikariDataSource [main] HikariPool-1 - Starting...
2023-05-04 15:06:36,742 INFO com.zaxxer.hikari.HikariDataSource [main] HikariPool-1 - Start completed.
2023-05-04 15:06:37,532 INFO org.springframework.orm.jpa.AbstractEntityManagerFactoryBean [main] Initialized JPA EntityManagerFactory for persistence unit 'default'
2023-05-04 15:06:37,821 WARN org.springframework.boot.autoconfigure.orm.jpa.JpaBaseConfiguration$JpaWebConfiguration [main] spring.jpa.open-in-view is enabled by default. Therefore, database queries may be performed during view rendering. Explicitly configure spring.jpa.open-in-view to disable this warning
2023-05-04 15:06:37,877 DEBUG org.springframework.web.servlet.handler.AbstractHandlerMethodMapping [main] 11 mappings in 'requestMappingHandlerMapping'
2023-05-04 15:06:38,003 DEBUG org.springframework.web.servlet.mvc.method.annotation.RequestMappingHandlerAdapter [main] ControllerAdvice beans: 0 @ModelAttribute, 0 @InitBinder, 1 RequestBodyAdvice, 1 ResponseBodyAdvice
2023-05-04 15:06:38,032 DEBUG org.springframework.web.servlet.handler.SimpleUrlHandlerMapping [main] Patterns [/swagger-ui/] in 'viewControllerHandlerMapping'
2023-05-04 15:06:38,045 DEBUG org.springframework.web.servlet.handler.SimpleUrlHandlerMapping [main] Patterns [/webjars/**, /**, /swagger-ui/**] in 'resourceHandlerMapping'
2023-05-04 15:06:38,050 DEBUG org.springframework.web.servlet.mvc.method.annotation.ExceptionHandlerExceptionResolver [main] ControllerAdvice beans: 0 @ExceptionHandler, 1 ResponseBodyAdvice
2023-05-04 15:06:38,109 INFO org.apache.juli.logging.DirectJDKLog [main] Starting ProtocolHandler ["http-nio-8085"]
2023-05-04 15:06:38,124 INFO org.springframework.boot.web.embedded.tomcat.TomcatWebServer [main] Tomcat started on port(s): 8085 (http) with context path '/api'
2023-05-04 15:06:38,252 INFO org.springframework.boot.StartupInfoLogger [main] Started RunApplication in 3.105 seconds (JVM running for 3.61)
2023-05-04 15:06:38,254 INFO com.tnsoft.RunApplication [main] Access URLs:
----------------------------------------------------------
	Local: 		http://localhost:8085/api/swagger-ui/#/
	External: 	http://192.168.11.100:8085/api/swagger-ui/#/
----------------------------------------------------------
2023-05-04 15:06:41,755 INFO org.apache.juli.logging.DirectJDKLog [http-nio-8085-exec-1] Initializing Spring DispatcherServlet 'dispatcherServlet'
2023-05-04 15:06:41,755 INFO org.springframework.web.servlet.FrameworkServlet [http-nio-8085-exec-1] Initializing Servlet 'dispatcherServlet'
2023-05-04 15:06:41,755 DEBUG org.springframework.web.servlet.DispatcherServlet [http-nio-8085-exec-1] Detected StandardServletMultipartResolver
2023-05-04 15:06:41,755 DEBUG org.springframework.web.servlet.DispatcherServlet [http-nio-8085-exec-1] Detected AcceptHeaderLocaleResolver
2023-05-04 15:06:41,755 DEBUG org.springframework.web.servlet.DispatcherServlet [http-nio-8085-exec-1] Detected FixedThemeResolver
2023-05-04 15:06:41,756 DEBUG org.springframework.web.servlet.DispatcherServlet [http-nio-8085-exec-1] Detected org.springframework.web.servlet.view.DefaultRequestToViewNameTranslator@41041c31
2023-05-04 15:06:41,756 DEBUG org.springframework.web.servlet.DispatcherServlet [http-nio-8085-exec-1] Detected org.springframework.web.servlet.support.SessionFlashMapManager@2f408960
2023-05-04 15:06:41,756 DEBUG org.springframework.web.servlet.FrameworkServlet [http-nio-8085-exec-1] enableLoggingRequestDetails='false': request parameters and headers will be masked to prevent unsafe logging of potentially sensitive data
2023-05-04 15:06:41,756 INFO org.springframework.web.servlet.FrameworkServlet [http-nio-8085-exec-1] Completed initialization in 1 ms
2023-05-04 15:06:41,764 DEBUG org.springframework.core.log.LogFormatUtils [http-nio-8085-exec-1] GET "/api/swagger-resources/configuration/ui", parameters={}
2023-05-04 15:06:41,767 DEBUG org.springframework.web.servlet.handler.AbstractHandlerMapping [http-nio-8085-exec-1] Mapped to springfox.documentation.swagger.web.ApiResourceController#uiConfiguration()
2023-05-04 15:06:41,779 DEBUG org.springframework.web.servlet.mvc.method.annotation.AbstractMessageConverterMethodProcessor [http-nio-8085-exec-1] Using 'application/json', given [application/json] and supported [application/json]
2023-05-04 15:06:41,797 DEBUG org.springframework.core.log.LogFormatUtils [http-nio-8085-exec-1] Writing [springfox.documentation.swagger.web.UiConfiguration@3bc6a5c1]
2023-05-04 15:06:41,816 DEBUG org.springframework.web.servlet.FrameworkServlet [http-nio-8085-exec-1] Completed 200 OK
2023-05-04 15:06:41,826 DEBUG org.springframework.core.log.LogFormatUtils [http-nio-8085-exec-2] GET "/api/swagger-resources/configuration/security", parameters={}
2023-05-04 15:06:41,827 DEBUG org.springframework.web.servlet.handler.AbstractHandlerMapping [http-nio-8085-exec-2] Mapped to springfox.documentation.swagger.web.ApiResourceController#securityConfiguration()
2023-05-04 15:06:41,828 DEBUG org.springframework.web.servlet.mvc.method.annotation.AbstractMessageConverterMethodProcessor [http-nio-8085-exec-2] Using 'application/json', given [application/json] and supported [application/json]
2023-05-04 15:06:41,832 DEBUG org.springframework.core.log.LogFormatUtils [http-nio-8085-exec-2] Writing [springfox.documentation.swagger.web.SecurityConfiguration@479951f0]
2023-05-04 15:06:41,832 DEBUG org.springframework.web.servlet.FrameworkServlet [http-nio-8085-exec-2] Completed 200 OK
2023-05-04 15:06:41,837 DEBUG org.springframework.core.log.LogFormatUtils [http-nio-8085-exec-3] GET "/api/swagger-resources", parameters={}
2023-05-04 15:06:41,838 DEBUG org.springframework.web.servlet.handler.AbstractHandlerMapping [http-nio-8085-exec-3] Mapped to springfox.documentation.swagger.web.ApiResourceController#swaggerResources()
2023-05-04 15:06:41,839 DEBUG org.springframework.web.servlet.mvc.method.annotation.AbstractMessageConverterMethodProcessor [http-nio-8085-exec-3] Using 'application/json', given [application/json] and supported [application/json]
2023-05-04 15:06:41,839 DEBUG org.springframework.core.log.LogFormatUtils [http-nio-8085-exec-3] Writing [[springfox.documentation.swagger.web.SwaggerResource@53a80675]]
2023-05-04 15:06:41,841 DEBUG org.springframework.web.servlet.FrameworkServlet [http-nio-8085-exec-3] Completed 200 OK
2023-05-04 15:06:41,868 DEBUG org.springframework.core.log.LogFormatUtils [http-nio-8085-exec-4] GET "/api/v2/api-docs", parameters={}
2023-05-04 15:06:41,869 DEBUG org.springframework.web.servlet.handler.AbstractHandlerMapping [http-nio-8085-exec-4] Mapped to springfox.documentation.swagger2.web.Swagger2ControllerWebMvc#getDocumentation(String, HttpServletRequest)
2023-05-04 15:06:41,937 DEBUG org.springframework.web.servlet.mvc.method.annotation.AbstractMessageConverterMethodProcessor [http-nio-8085-exec-4] Using 'application/json', given [application/json, */*] and supported [application/json, application/hal+json]
2023-05-04 15:06:41,939 DEBUG org.springframework.core.log.LogFormatUtils [http-nio-8085-exec-4] Writing [springfox.documentation.spring.web.json.Json@4b6f13f1]
2023-05-04 15:06:41,940 DEBUG org.springframework.web.servlet.FrameworkServlet [http-nio-8085-exec-4] Completed 200 OK
2023-05-04 15:07:26,327 DEBUG org.springframework.core.log.LogFormatUtils [http-nio-8085-exec-5] POST "/api/students", parameters={}
2023-05-04 15:07:26,327 DEBUG org.springframework.web.servlet.handler.AbstractHandlerMapping [http-nio-8085-exec-5] Mapped to com.tnsoft.controllers.StudentController#save(StudentDto)
2023-05-04 15:07:26,352 DEBUG org.springframework.core.log.LogFormatUtils [http-nio-8085-exec-5] Read "application/json;charset=UTF-8" to [StudentDto{name='Younes', id=StudentIdDto{id=101, code='L'}}]
2023-05-04 15:07:26,354 DEBUG com.tnsoft.controllers.StudentController [http-nio-8085-exec-5] Start saving new student entity ==> Controller lvl the dto is [StudentDto{name='Younes', id=StudentIdDto{id=101, code='L'}}]
2023-05-04 15:07:26,354 DEBUG com.tnsoft.services.StudentServiceImp [http-nio-8085-exec-5] Start saving new student entity ==> Service lvl
2023-05-04 15:07:26,354 DEBUG com.tnsoft.services.StudentServiceImp [http-nio-8085-exec-5] The values within student dto is ==>[StudentDto{name='Younes', id=StudentIdDto{id=101, code='L'}}]
2023-05-04 15:07:26,408 DEBUG org.springframework.web.servlet.mvc.method.annotation.AbstractMessageConverterMethodProcessor [http-nio-8085-exec-5] Using 'application/json', given [*/*] and supported [application/json, application/*+json, application/json, application/*+json]
2023-05-04 15:07:26,408 DEBUG org.springframework.core.log.LogFormatUtils [http-nio-8085-exec-5] Writing [StudentDto{name='Younes', id=StudentIdDto{id=101, code='L'}}]
2023-05-04 15:07:26,409 DEBUG org.springframework.web.servlet.FrameworkServlet [http-nio-8085-exec-5] Completed 200 OK
2023-05-04 15:08:58,151 INFO org.springframework.orm.jpa.AbstractEntityManagerFactoryBean [SpringApplicationShutdownHook] Closing JPA EntityManagerFactory for persistence unit 'default'
2023-05-04 15:08:58,153 INFO com.zaxxer.hikari.HikariDataSource [SpringApplicationShutdownHook] HikariPool-1 - Shutdown initiated...
2023-05-04 15:08:58,158 INFO com.zaxxer.hikari.HikariDataSource [SpringApplicationShutdownHook] HikariPool-1 - Shutdown completed.
2023-05-04 15:09:15,671 INFO org.springframework.boot.StartupInfoLogger [main] Starting RunApplication using Java 17.0.5 on TheMachine with PID 16688 (D:\Projects\Studies\TP\JAVA\TP_JAVA\PFE 2.0\target\classes started by Gabri in D:\Projects\Studies\TP\JAVA\TP_JAVA\PFE 2.0)
2023-05-04 15:09:15,673 DEBUG org.springframework.boot.StartupInfoLogger [main] Running with Spring Boot v2.5.1, Spring v5.3.8
2023-05-04 15:09:15,673 INFO org.springframework.boot.SpringApplication [main] The following profiles are active: local
2023-05-04 15:09:16,212 INFO org.springframework.data.repository.config.RepositoryConfigurationDelegate [main] Bootstrapping Spring Data JPA repositories in DEFAULT mode.
2023-05-04 15:09:16,243 INFO org.springframework.data.repository.config.RepositoryConfigurationDelegate [main] Finished Spring Data repository scanning in 27 ms. Found 1 JPA repository interfaces.
2023-05-04 15:09:16,602 INFO org.springframework.boot.web.embedded.tomcat.TomcatWebServer [main] Tomcat initialized with port(s): 8085 (http)
2023-05-04 15:09:16,608 INFO org.apache.juli.logging.DirectJDKLog [main] Initializing ProtocolHandler ["http-nio-8085"]
2023-05-04 15:09:16,609 INFO org.apache.juli.logging.DirectJDKLog [main] Starting service [Tomcat]
2023-05-04 15:09:16,609 INFO org.apache.juli.logging.DirectJDKLog [main] Starting Servlet engine: [Apache Tomcat/9.0.46]
2023-05-04 15:09:16,674 INFO org.apache.juli.logging.DirectJDKLog [main] Initializing Spring embedded WebApplicationContext
2023-05-04 15:09:16,674 INFO org.springframework.boot.web.servlet.context.ServletWebServerApplicationContext [main] Root WebApplicationContext: initialization completed in 968 ms
2023-05-04 15:09:16,733 INFO com.zaxxer.hikari.HikariDataSource [main] HikariPool-1 - Starting...
2023-05-04 15:09:16,964 INFO com.zaxxer.hikari.HikariDataSource [main] HikariPool-1 - Start completed.
2023-05-04 15:09:17,631 INFO org.springframework.orm.jpa.AbstractEntityManagerFactoryBean [main] Initialized JPA EntityManagerFactory for persistence unit 'default'
2023-05-04 15:09:17,905 WARN org.springframework.boot.autoconfigure.orm.jpa.JpaBaseConfiguration$JpaWebConfiguration [main] spring.jpa.open-in-view is enabled by default. Therefore, database queries may be performed during view rendering. Explicitly configure spring.jpa.open-in-view to disable this warning
2023-05-04 15:09:17,958 DEBUG org.springframework.web.servlet.handler.AbstractHandlerMethodMapping [main] 11 mappings in 'requestMappingHandlerMapping'
2023-05-04 15:09:18,076 DEBUG org.springframework.web.servlet.mvc.method.annotation.RequestMappingHandlerAdapter [main] ControllerAdvice beans: 0 @ModelAttribute, 0 @InitBinder, 1 RequestBodyAdvice, 1 ResponseBodyAdvice
2023-05-04 15:09:18,101 DEBUG org.springframework.web.servlet.handler.SimpleUrlHandlerMapping [main] Patterns [/swagger-ui/] in 'viewControllerHandlerMapping'
2023-05-04 15:09:18,113 DEBUG org.springframework.web.servlet.handler.SimpleUrlHandlerMapping [main] Patterns [/webjars/**, /**, /swagger-ui/**] in 'resourceHandlerMapping'
2023-05-04 15:09:18,119 DEBUG org.springframework.web.servlet.mvc.method.annotation.ExceptionHandlerExceptionResolver [main] ControllerAdvice beans: 0 @ExceptionHandler, 1 ResponseBodyAdvice
2023-05-04 15:09:18,180 INFO org.apache.juli.logging.DirectJDKLog [main] Starting ProtocolHandler ["http-nio-8085"]
2023-05-04 15:09:18,195 INFO org.springframework.boot.web.embedded.tomcat.TomcatWebServer [main] Tomcat started on port(s): 8085 (http) with context path '/api'
2023-05-04 15:09:18,321 INFO org.springframework.boot.StartupInfoLogger [main] Started RunApplication in 2.947 seconds (JVM running for 3.471)
2023-05-04 15:09:18,323 INFO com.tnsoft.RunApplication [main] Access URLs:
----------------------------------------------------------
	Local: 		http://localhost:8085/api/swagger-ui/#/
	External: 	http://192.168.11.100:8085/api/swagger-ui/#/
----------------------------------------------------------
2023-05-04 15:09:21,200 INFO org.apache.juli.logging.DirectJDKLog [http-nio-8085-exec-1] Initializing Spring DispatcherServlet 'dispatcherServlet'
2023-05-04 15:09:21,200 INFO org.springframework.web.servlet.FrameworkServlet [http-nio-8085-exec-1] Initializing Servlet 'dispatcherServlet'
2023-05-04 15:09:21,200 DEBUG org.springframework.web.servlet.DispatcherServlet [http-nio-8085-exec-1] Detected StandardServletMultipartResolver
2023-05-04 15:09:21,200 DEBUG org.springframework.web.servlet.DispatcherServlet [http-nio-8085-exec-1] Detected AcceptHeaderLocaleResolver
2023-05-04 15:09:21,200 DEBUG org.springframework.web.servlet.DispatcherServlet [http-nio-8085-exec-1] Detected FixedThemeResolver
2023-05-04 15:09:21,201 DEBUG org.springframework.web.servlet.DispatcherServlet [http-nio-8085-exec-1] Detected org.springframework.web.servlet.view.DefaultRequestToViewNameTranslator@240e61
2023-05-04 15:09:21,201 DEBUG org.springframework.web.servlet.DispatcherServlet [http-nio-8085-exec-1] Detected org.springframework.web.servlet.support.SessionFlashMapManager@3a2881d6
2023-05-04 15:09:21,201 DEBUG org.springframework.web.servlet.FrameworkServlet [http-nio-8085-exec-1] enableLoggingRequestDetails='false': request parameters and headers will be masked to prevent unsafe logging of potentially sensitive data
2023-05-04 15:09:21,202 INFO org.springframework.web.servlet.FrameworkServlet [http-nio-8085-exec-1] Completed initialization in 2 ms
2023-05-04 15:09:21,209 DEBUG org.springframework.core.log.LogFormatUtils [http-nio-8085-exec-1] GET "/api/swagger-resources/configuration/ui", parameters={}
2023-05-04 15:09:21,212 DEBUG org.springframework.web.servlet.handler.AbstractHandlerMapping [http-nio-8085-exec-1] Mapped to springfox.documentation.swagger.web.ApiResourceController#uiConfiguration()
2023-05-04 15:09:21,224 DEBUG org.springframework.web.servlet.mvc.method.annotation.AbstractMessageConverterMethodProcessor [http-nio-8085-exec-1] Using 'application/json', given [application/json] and supported [application/json]
2023-05-04 15:09:21,242 DEBUG org.springframework.core.log.LogFormatUtils [http-nio-8085-exec-1] Writing [springfox.documentation.swagger.web.UiConfiguration@d149326]
2023-05-04 15:09:21,262 DEBUG org.springframework.web.servlet.FrameworkServlet [http-nio-8085-exec-1] Completed 200 OK
2023-05-04 15:09:21,272 DEBUG org.springframework.core.log.LogFormatUtils [http-nio-8085-exec-2] GET "/api/swagger-resources/configuration/security", parameters={}
2023-05-04 15:09:21,272 DEBUG org.springframework.web.servlet.handler.AbstractHandlerMapping [http-nio-8085-exec-2] Mapped to springfox.documentation.swagger.web.ApiResourceController#securityConfiguration()
2023-05-04 15:09:21,273 DEBUG org.springframework.web.servlet.mvc.method.annotation.AbstractMessageConverterMethodProcessor [http-nio-8085-exec-2] Using 'application/json', given [application/json] and supported [application/json]
2023-05-04 15:09:21,276 DEBUG org.springframework.core.log.LogFormatUtils [http-nio-8085-exec-2] Writing [springfox.documentation.swagger.web.SecurityConfiguration@7166449f]
2023-05-04 15:09:21,277 DEBUG org.springframework.web.servlet.FrameworkServlet [http-nio-8085-exec-2] Completed 200 OK
2023-05-04 15:09:21,281 DEBUG org.springframework.core.log.LogFormatUtils [http-nio-8085-exec-3] GET "/api/swagger-resources", parameters={}
2023-05-04 15:09:21,281 DEBUG org.springframework.web.servlet.handler.AbstractHandlerMapping [http-nio-8085-exec-3] Mapped to springfox.documentation.swagger.web.ApiResourceController#swaggerResources()
2023-05-04 15:09:21,282 DEBUG org.springframework.web.servlet.mvc.method.annotation.AbstractMessageConverterMethodProcessor [http-nio-8085-exec-3] Using 'application/json', given [application/json] and supported [application/json]
2023-05-04 15:09:21,283 DEBUG org.springframework.core.log.LogFormatUtils [http-nio-8085-exec-3] Writing [[springfox.documentation.swagger.web.SwaggerResource@73e4fc56]]
2023-05-04 15:09:21,284 DEBUG org.springframework.web.servlet.FrameworkServlet [http-nio-8085-exec-3] Completed 200 OK
2023-05-04 15:09:21,308 DEBUG org.springframework.core.log.LogFormatUtils [http-nio-8085-exec-4] GET "/api/v2/api-docs", parameters={}
2023-05-04 15:09:21,309 DEBUG org.springframework.web.servlet.handler.AbstractHandlerMapping [http-nio-8085-exec-4] Mapped to springfox.documentation.swagger2.web.Swagger2ControllerWebMvc#getDocumentation(String, HttpServletRequest)
2023-05-04 15:09:21,371 DEBUG org.springframework.web.servlet.mvc.method.annotation.AbstractMessageConverterMethodProcessor [http-nio-8085-exec-4] Using 'application/json', given [application/json, */*] and supported [application/json, application/hal+json]
2023-05-04 15:09:21,373 DEBUG org.springframework.core.log.LogFormatUtils [http-nio-8085-exec-4] Writing [springfox.documentation.spring.web.json.Json@3903a46b]
2023-05-04 15:09:21,374 DEBUG org.springframework.web.servlet.FrameworkServlet [http-nio-8085-exec-4] Completed 200 OK
2023-05-04 15:09:52,886 DEBUG org.springframework.core.log.LogFormatUtils [http-nio-8085-exec-5] POST "/api/students", parameters={}
2023-05-04 15:09:52,887 DEBUG org.springframework.web.servlet.handler.AbstractHandlerMapping [http-nio-8085-exec-5] Mapped to com.tnsoft.controllers.StudentController#save(StudentDto)
2023-05-04 15:09:52,908 DEBUG org.springframework.core.log.LogFormatUtils [http-nio-8085-exec-5] Read "application/json;charset=UTF-8" to [StudentDto{name='Cecile', id=StudentIdDto{id=130, code='L'}}]
2023-05-04 15:09:52,910 DEBUG com.tnsoft.controllers.StudentController [http-nio-8085-exec-5] Start saving new student entity ==> Controller lvl the dto is [StudentDto{name='Cecile', id=StudentIdDto{id=130, code='L'}}]
2023-05-04 15:09:52,910 DEBUG com.tnsoft.services.StudentServiceImp [http-nio-8085-exec-5] Start saving new student entity ==> Service lvl
2023-05-04 15:09:52,910 DEBUG com.tnsoft.services.StudentServiceImp [http-nio-8085-exec-5] The values within student dto is ==>[StudentDto{name='Cecile', id=StudentIdDto{id=130, code='L'}}]
2023-05-04 15:09:52,961 DEBUG org.springframework.web.servlet.mvc.method.annotation.AbstractMessageConverterMethodProcessor [http-nio-8085-exec-5] Using 'application/json', given [*/*] and supported [application/json, application/*+json, application/json, application/*+json]
2023-05-04 15:09:52,961 DEBUG org.springframework.core.log.LogFormatUtils [http-nio-8085-exec-5] Writing [StudentDto{name='Cecile', id=StudentIdDto{id=130, code='L'}}]
2023-05-04 15:09:52,962 DEBUG org.springframework.web.servlet.FrameworkServlet [http-nio-8085-exec-5] Completed 200 OK
2023-05-04 15:10:13,017 DEBUG org.springframework.core.log.LogFormatUtils [http-nio-8085-exec-6] GET "/api/students", parameters={}
2023-05-04 15:10:13,018 DEBUG org.springframework.web.servlet.handler.AbstractHandlerMapping [http-nio-8085-exec-6] Mapped to com.tnsoft.controllers.StudentController#selectAll()
2023-05-04 15:10:13,018 DEBUG com.tnsoft.controllers.StudentController [http-nio-8085-exec-6] Start retrieving all student entities ==> Controller lvl
2023-05-04 15:10:13,018 DEBUG com.tnsoft.services.StudentServiceImp [http-nio-8085-exec-6] Start retrieving all student entities ==> Service lvl
2023-05-04 15:10:13,102 DEBUG org.springframework.web.servlet.mvc.method.annotation.AbstractMessageConverterMethodProcessor [http-nio-8085-exec-6] Using 'application/json', given [*/*] and supported [application/json, application/*+json, application/json, application/*+json]
2023-05-04 15:10:13,103 DEBUG org.springframework.core.log.LogFormatUtils [http-nio-8085-exec-6] Writing [[StudentDto{name='Cecile', id=StudentIdDto{id=130, code='L'}}]]
2023-05-04 15:10:13,103 DEBUG org.springframework.web.servlet.FrameworkServlet [http-nio-8085-exec-6] Completed 200 OK
2023-05-04 15:11:15,111 INFO org.springframework.orm.jpa.AbstractEntityManagerFactoryBean [SpringApplicationShutdownHook] Closing JPA EntityManagerFactory for persistence unit 'default'
2023-05-04 15:11:15,113 INFO com.zaxxer.hikari.HikariDataSource [SpringApplicationShutdownHook] HikariPool-1 - Shutdown initiated...
2023-05-04 15:11:15,118 INFO com.zaxxer.hikari.HikariDataSource [SpringApplicationShutdownHook] HikariPool-1 - Shutdown completed.
2023-05-04 15:21:00,873 INFO org.springframework.boot.StartupInfoLogger [main] Starting RunApplication using Java 17.0.5 on TheMachine with PID 5472 (D:\Projects\Studies\TP\JAVA\TP_JAVA\PFE 2.0\target\classes started by Gabri in D:\Projects\Studies\TP\JAVA\TP_JAVA\PFE 2.0)
2023-05-04 15:21:00,876 DEBUG org.springframework.boot.StartupInfoLogger [main] Running with Spring Boot v2.5.1, Spring v5.3.8
2023-05-04 15:21:00,876 INFO org.springframework.boot.SpringApplication [main] The following profiles are active: local
2023-05-04 15:21:01,415 INFO org.springframework.data.repository.config.RepositoryConfigurationDelegate [main] Bootstrapping Spring Data JPA repositories in DEFAULT mode.
2023-05-04 15:21:01,446 INFO org.springframework.data.repository.config.RepositoryConfigurationDelegate [main] Finished Spring Data repository scanning in 26 ms. Found 1 JPA repository interfaces.
2023-05-04 15:21:01,804 INFO org.springframework.boot.web.embedded.tomcat.TomcatWebServer [main] Tomcat initialized with port(s): 8085 (http)
2023-05-04 15:21:01,811 INFO org.apache.juli.logging.DirectJDKLog [main] Initializing ProtocolHandler ["http-nio-8085"]
2023-05-04 15:21:01,812 INFO org.apache.juli.logging.DirectJDKLog [main] Starting service [Tomcat]
2023-05-04 15:21:01,812 INFO org.apache.juli.logging.DirectJDKLog [main] Starting Servlet engine: [Apache Tomcat/9.0.46]
2023-05-04 15:21:01,884 INFO org.apache.juli.logging.DirectJDKLog [main] Initializing Spring embedded WebApplicationContext
2023-05-04 15:21:01,884 INFO org.springframework.boot.web.servlet.context.ServletWebServerApplicationContext [main] Root WebApplicationContext: initialization completed in 977 ms
2023-05-04 15:21:01,945 INFO com.zaxxer.hikari.HikariDataSource [main] HikariPool-1 - Starting...
2023-05-04 15:21:02,187 INFO com.zaxxer.hikari.HikariDataSource [main] HikariPool-1 - Start completed.
2023-05-04 15:21:02,844 INFO org.springframework.orm.jpa.AbstractEntityManagerFactoryBean [main] Initialized JPA EntityManagerFactory for persistence unit 'default'
2023-05-04 15:21:03,119 WARN org.springframework.boot.autoconfigure.orm.jpa.JpaBaseConfiguration$JpaWebConfiguration [main] spring.jpa.open-in-view is enabled by default. Therefore, database queries may be performed during view rendering. Explicitly configure spring.jpa.open-in-view to disable this warning
2023-05-04 15:21:03,175 DEBUG org.springframework.web.servlet.handler.AbstractHandlerMethodMapping [main] 11 mappings in 'requestMappingHandlerMapping'
2023-05-04 15:21:03,293 DEBUG org.springframework.web.servlet.mvc.method.annotation.RequestMappingHandlerAdapter [main] ControllerAdvice beans: 0 @ModelAttribute, 0 @InitBinder, 1 RequestBodyAdvice, 1 ResponseBodyAdvice
2023-05-04 15:21:03,318 DEBUG org.springframework.web.servlet.handler.SimpleUrlHandlerMapping [main] Patterns [/swagger-ui/] in 'viewControllerHandlerMapping'
2023-05-04 15:21:03,330 DEBUG org.springframework.web.servlet.handler.SimpleUrlHandlerMapping [main] Patterns [/webjars/**, /**, /swagger-ui/**] in 'resourceHandlerMapping'
2023-05-04 15:21:03,336 DEBUG org.springframework.web.servlet.mvc.method.annotation.ExceptionHandlerExceptionResolver [main] ControllerAdvice beans: 0 @ExceptionHandler, 1 ResponseBodyAdvice
2023-05-04 15:21:03,397 INFO org.apache.juli.logging.DirectJDKLog [main] Starting ProtocolHandler ["http-nio-8085"]
2023-05-04 15:21:03,411 INFO org.springframework.boot.web.embedded.tomcat.TomcatWebServer [main] Tomcat started on port(s): 8085 (http) with context path '/api'
2023-05-04 15:21:03,551 INFO org.springframework.boot.StartupInfoLogger [main] Started RunApplication in 2.96 seconds (JVM running for 3.448)
2023-05-04 15:21:03,553 INFO com.tnsoft.RunApplication [main] Access URLs:
----------------------------------------------------------
	Local: 		http://localhost:8085/api/swagger-ui/#/
	External: 	http://192.168.11.100:8085/api/swagger-ui/#/
----------------------------------------------------------
2023-05-04 15:21:06,136 INFO org.apache.juli.logging.DirectJDKLog [http-nio-8085-exec-1] Initializing Spring DispatcherServlet 'dispatcherServlet'
2023-05-04 15:21:06,136 INFO org.springframework.web.servlet.FrameworkServlet [http-nio-8085-exec-1] Initializing Servlet 'dispatcherServlet'
2023-05-04 15:21:06,136 DEBUG org.springframework.web.servlet.DispatcherServlet [http-nio-8085-exec-1] Detected StandardServletMultipartResolver
2023-05-04 15:21:06,136 DEBUG org.springframework.web.servlet.DispatcherServlet [http-nio-8085-exec-1] Detected AcceptHeaderLocaleResolver
2023-05-04 15:21:06,136 DEBUG org.springframework.web.servlet.DispatcherServlet [http-nio-8085-exec-1] Detected FixedThemeResolver
2023-05-04 15:21:06,137 DEBUG org.springframework.web.servlet.DispatcherServlet [http-nio-8085-exec-1] Detected org.springframework.web.servlet.view.DefaultRequestToViewNameTranslator@6c120b00
2023-05-04 15:21:06,137 DEBUG org.springframework.web.servlet.DispatcherServlet [http-nio-8085-exec-1] Detected org.springframework.web.servlet.support.SessionFlashMapManager@6c4e11d0
2023-05-04 15:21:06,137 DEBUG org.springframework.web.servlet.FrameworkServlet [http-nio-8085-exec-1] enableLoggingRequestDetails='false': request parameters and headers will be masked to prevent unsafe logging of potentially sensitive data
2023-05-04 15:21:06,137 INFO org.springframework.web.servlet.FrameworkServlet [http-nio-8085-exec-1] Completed initialization in 1 ms
2023-05-04 15:21:06,145 DEBUG org.springframework.core.log.LogFormatUtils [http-nio-8085-exec-1] GET "/api/swagger-resources/configuration/ui", parameters={}
2023-05-04 15:21:06,148 DEBUG org.springframework.web.servlet.handler.AbstractHandlerMapping [http-nio-8085-exec-1] Mapped to springfox.documentation.swagger.web.ApiResourceController#uiConfiguration()
2023-05-04 15:21:06,160 DEBUG org.springframework.web.servlet.mvc.method.annotation.AbstractMessageConverterMethodProcessor [http-nio-8085-exec-1] Using 'application/json', given [application/json] and supported [application/json]
2023-05-04 15:21:06,175 DEBUG org.springframework.core.log.LogFormatUtils [http-nio-8085-exec-1] Writing [springfox.documentation.swagger.web.UiConfiguration@327355a]
2023-05-04 15:21:06,188 DEBUG org.springframework.web.servlet.FrameworkServlet [http-nio-8085-exec-1] Completed 200 OK
2023-05-04 15:21:06,193 DEBUG org.springframework.core.log.LogFormatUtils [http-nio-8085-exec-2] GET "/api/swagger-resources/configuration/security", parameters={}
2023-05-04 15:21:06,194 DEBUG org.springframework.web.servlet.handler.AbstractHandlerMapping [http-nio-8085-exec-2] Mapped to springfox.documentation.swagger.web.ApiResourceController#securityConfiguration()
2023-05-04 15:21:06,194 DEBUG org.springframework.web.servlet.mvc.method.annotation.AbstractMessageConverterMethodProcessor [http-nio-8085-exec-2] Using 'application/json', given [application/json] and supported [application/json]
2023-05-04 15:21:06,196 DEBUG org.springframework.core.log.LogFormatUtils [http-nio-8085-exec-2] Writing [springfox.documentation.swagger.web.SecurityConfiguration@5ee466a5]
2023-05-04 15:21:06,197 DEBUG org.springframework.web.servlet.FrameworkServlet [http-nio-8085-exec-2] Completed 200 OK
2023-05-04 15:21:06,200 DEBUG org.springframework.core.log.LogFormatUtils [http-nio-8085-exec-3] GET "/api/swagger-resources", parameters={}
2023-05-04 15:21:06,201 DEBUG org.springframework.web.servlet.handler.AbstractHandlerMapping [http-nio-8085-exec-3] Mapped to springfox.documentation.swagger.web.ApiResourceController#swaggerResources()
2023-05-04 15:21:06,202 DEBUG org.springframework.web.servlet.mvc.method.annotation.AbstractMessageConverterMethodProcessor [http-nio-8085-exec-3] Using 'application/json', given [application/json] and supported [application/json]
2023-05-04 15:21:06,202 DEBUG org.springframework.core.log.LogFormatUtils [http-nio-8085-exec-3] Writing [[springfox.documentation.swagger.web.SwaggerResource@368bb201]]
2023-05-04 15:21:06,204 DEBUG org.springframework.web.servlet.FrameworkServlet [http-nio-8085-exec-3] Completed 200 OK
2023-05-04 15:21:06,226 DEBUG org.springframework.core.log.LogFormatUtils [http-nio-8085-exec-6] GET "/api/v2/api-docs", parameters={}
2023-05-04 15:21:06,227 DEBUG org.springframework.web.servlet.handler.AbstractHandlerMapping [http-nio-8085-exec-6] Mapped to springfox.documentation.swagger2.web.Swagger2ControllerWebMvc#getDocumentation(String, HttpServletRequest)
2023-05-04 15:21:06,296 DEBUG org.springframework.web.servlet.mvc.method.annotation.AbstractMessageConverterMethodProcessor [http-nio-8085-exec-6] Using 'application/json', given [application/json, */*] and supported [application/json, application/hal+json]
2023-05-04 15:21:06,297 DEBUG org.springframework.core.log.LogFormatUtils [http-nio-8085-exec-6] Writing [springfox.documentation.spring.web.json.Json@654affe9]
2023-05-04 15:21:06,298 DEBUG org.springframework.web.servlet.FrameworkServlet [http-nio-8085-exec-6] Completed 200 OK
2023-05-04 15:21:30,382 INFO org.springframework.orm.jpa.AbstractEntityManagerFactoryBean [SpringApplicationShutdownHook] Closing JPA EntityManagerFactory for persistence unit 'default'
2023-05-04 15:21:30,383 INFO com.zaxxer.hikari.HikariDataSource [SpringApplicationShutdownHook] HikariPool-1 - Shutdown initiated...
2023-05-04 15:21:30,388 INFO com.zaxxer.hikari.HikariDataSource [SpringApplicationShutdownHook] HikariPool-1 - Shutdown completed.
